This file contains any messages produced by compilers while
running configure, to aid debugging if configure makes a mistake.

It was created by configure, which was
generated by GNU Autoconf 2.52.20170501.  Invocation command line was

  $ ./configure 

## ---------- ##
## Platform.  ##
## ---------- ##

hostname = lollipop
uname -m = x86_64
uname -r = 4.9.0-4-amd64
uname -s = Linux
uname -v = #1 SMP Debian 4.9.51-1 (2017-09-28)

/usr/bin/uname -p = unknown
/bin/uname -X     = unknown

/bin/arch              = unknown
/usr/bin/arch -k       = unknown
/usr/convex/getsysinfo = unknown
hostinfo               = unknown
/bin/machine           = unknown
/usr/bin/oslevel       = unknown
/bin/universe          = unknown

PATH = /usr/local/bin:/usr/bin:/bin:/usr/local/games:/usr/games

## ------------ ##
## Core tests.  ##
## ------------ ##

configure:1008: PATH=".;."; conftest.sh
./configure: 1009: ./configure: conftest.sh: not found
configure:1011: $? = 127
configure:1053: checking build system type
configure:1071: result: x86_64-pc-linux-gnu
configure:1079: checking host system type
configure:1093: result: x86_64-pc-linux-gnu
configure:1119: result: Configuring for linux-gnu
configure:1131: checking for package version
configure:1152: result: 5.0
configure:1155: checking for package patch date
configure:1172: result: 20171209
configure:1183: testing ABI VERSION 6:1:4 ...
configure:1187: testing VERSION_MAJOR 5 ...
configure:1191: testing VERSION_MINOR 0 ...
configure:1195: testing VERSION_PATCH 20171209 ...
configure:1260: checking for gcc
configure:1275: found /usr/bin/gcc
configure:1283: result: gcc
configure:1511: checking for C compiler version
configure:1514: gcc --version </dev/null >&5
gcc (Debian 6.3.0-18) 6.3.0 20170516
Copyright (C) 2016 Free Software Foundation, Inc.
This is free software; see the source for copying conditions.  There is NO
warranty; not even for MERCHANTABILITY or FITNESS FOR A PARTICULAR PURPOSE.

configure:1517: $? = 0
configure:1519: gcc -v </dev/null >&5
Using built-in specs.
COLLECT_GCC=gcc
COLLECT_LTO_WRAPPER=/usr/lib/gcc/x86_64-linux-gnu/6/lto-wrapper
Target: x86_64-linux-gnu
Configured with: ../src/configure -v --with-pkgversion='Debian 6.3.0-18' --with-bugurl=file:///usr/share/doc/gcc-6/README.Bugs --enable-languages=c,ada,c++,java,go,d,fortran,objc,obj-c++ --prefix=/usr --program-suffix=-6 --program-prefix=x86_64-linux-gnu- --enable-shared --enable-linker-build-id --libexecdir=/usr/lib --without-included-gettext --enable-threads=posix --libdir=/usr/lib --enable-nls --with-sysroot=/ --enable-clocale=gnu --enable-libstdcxx-debug --enable-libstdcxx-time=yes --with-default-libstdcxx-abi=new --enable-gnu-unique-object --disable-vtable-verify --enable-libmpx --enable-plugin --enable-default-pie --with-system-zlib --disable-browser-plugin --enable-java-awt=gtk --enable-gtk-cairo --with-java-home=/usr/lib/jvm/java-1.5.0-gcj-6-amd64/jre --enable-java-home --with-jvm-root-dir=/usr/lib/jvm/java-1.5.0-gcj-6-amd64 --with-jvm-jar-dir=/usr/lib/jvm-exports/java-1.5.0-gcj-6-amd64 --with-arch-directory=amd64 --with-ecj-jar=/usr/share/java/eclipse-ecj.jar --with-target-system-zlib --enable-objc-gc=auto --enable-multiarch --with-arch-32=i686 --with-abi=m64 --with-multilib-list=m32,m64,mx32 --enable-multilib --with-tune=generic --enable-checking=release --build=x86_64-linux-gnu --host=x86_64-linux-gnu --target=x86_64-linux-gnu
Thread model: posix
gcc version 6.3.0 20170516 (Debian 6.3.0-18) 
configure:1522: $? = 0
configure:1524: gcc -V </dev/null >&5
gcc: error: unrecognized command line option '-V'
gcc: fatal error: no input files
compilation terminated.
configure:1527: $? = 1
configure:1547: checking for C compiler default output
configure:1550: gcc    conftest.c  >&5
configure:1553: $? = 0
configure:1582: result: a.out
configure:1587: checking whether the C compiler works
configure:1593: ./a.out
configure:1596: $? = 0
configure:1611: result: yes
configure:1618: checking whether we are cross compiling
configure:1620: result: no
configure:1623: checking for executable suffix
configure:1625: gcc -o conftest    conftest.c  >&5
configure:1628: $? = 0
configure:1650: result: 
configure:1656: checking for object suffix
configure:1674: gcc -c   conftest.c >&5
configure:1677: $? = 0
configure:1696: result: o
configure:1700: checking whether we are using the GNU C compiler
configure:1721: gcc -c   conftest.c >&5
configure:1724: $? = 0
configure:1727: test -s conftest.o
configure:1730: $? = 0
configure:1742: result: yes
configure:1748: checking whether gcc accepts -g
configure:1766: gcc -c -g  conftest.c >&5
configure:1769: $? = 0
configure:1772: test -s conftest.o
configure:1775: $? = 0
configure:1785: result: yes
configure:1812: gcc -c -g -O2  conftest.c >&5
conftest.c:2:3: error: unknown type name 'choke'
   choke me
   ^~~~~
conftest.c:2:3: error: expected '=', ',', ';', 'asm' or '__attribute__' at end of input
configure:1815: $? = 1
configure: failed program was:
#ifndef __cplusplus
  choke me
#endif
configure:1916: checking version of gcc
configure:1920: result: 6.3.0
configure:1924: checking for gcc option to accept ANSI C
configure:1981: gcc  -c -g -O2  conftest.c >&5
configure:1984: $? = 0
configure:1987: test -s conftest.o
configure:1990: $? = 0
configure:2007: result: none needed
configure:2018: checking $CC variable
configure:2153: result: ok
configure:2164: checking how to run the C preprocessor
configure:2190: gcc -E  conftest.c
configure:2196: $? = 0
configure:2223: gcc -E  conftest.c
configure:2220:28: fatal error: ac_nonexistent.h: No such file or directory
 #include "confdefs.h"
                            ^
compilation terminated.
configure:2229: $? = 1
configure: failed program was:
#line 2219 "configure"
#include "confdefs.h"
#include <ac_nonexistent.h>
configure:2266: result: gcc -E
configure:2281: gcc -E  conftest.c
configure:2287: $? = 0
configure:2314: gcc -E  conftest.c
configure:2311:28: fatal error: ac_nonexistent.h: No such file or directory
 #include "confdefs.h"
                            ^
compilation terminated.
configure:2320: $? = 1
configure: failed program was:
#line 2310 "configure"
#include "confdefs.h"
#include <ac_nonexistent.h>
configure:2398: checking for ranlib
configure:2413: found /usr/bin/ranlib
configure:2422: result: ranlib
configure:2446: checking for a BSD compatible install
configure:2495: result: /usr/bin/install -c
configure:2506: checking whether ln -s works
configure:2510: result: yes
configure:2517: checking if ln -s -f options work
configure:2529: result: yes
configure:2538: checking for lint
configure:2564: result: no
configure:2538: checking for cppcheck
configure:2564: result: no
configure:2538: checking for splint
configure:2564: result: no
configure:2609: checking for ar
configure:2624: found /usr/bin/ar
configure:2633: result: ar
configure:2645: checking whether make sets ${MAKE}
configure:2665: result: yes
configure:2674: checking for makeflags variable
configure:2708: result: 
configure:2711: checking if filesystem supports mixed-case filenames
configure:2738: result: yes
configure:2749: checking for exctags
configure:2775: result: no
configure:2749: checking for ctags
configure:2775: result: no
configure:2786: checking for exetags
configure:2812: result: no
configure:2786: checking for etags
configure:2812: result: no
configure:2821: checking for ctags
configure:2845: result: no
configure:2855: checking for etags
configure:2879: result: no
configure:2940: checking if we must define _GNU_SOURCE
configure:2962: gcc -c -g -O2  conftest.c >&5
configure: In function 'main':
configure:2954:1: error: unknown type name 'make'
 #ifndef _XOPEN_SOURCE
 ^~~~
configure:2954:9: error: expected '=', ',', ';', 'asm' or '__attribute__' before 'error'
 #ifndef _XOPEN_SOURCE
         ^~~~~
configure:2965: $? = 1
configure: failed program was:
#line 2947 "configure"
#include "confdefs.h"
#include <sys/types.h>
int
main (void)
{

#ifndef _XOPEN_SOURCE
make an error
#endif
  ;
  return 0;
}
configure:2995: gcc -c -g -O2  -D_GNU_SOURCE conftest.c >&5
configure: In function 'main':
configure:2987:1: error: unknown type name 'make'
 #ifdef _XOPEN_SOURCE
 ^~~~
configure:2987:9: error: expected '=', ',', ';', 'asm' or '__attribute__' before 'error'
 #ifdef _XOPEN_SOURCE
         ^~~~~
configure:2998: $? = 1
configure: failed program was:
#line 2980 "configure"
#include "confdefs.h"
#include <sys/types.h>
int
main (void)
{

#ifdef _XOPEN_SOURCE
make an error
#endif
  ;
  return 0;
}
configure:3019: result: yes
configure:3024: checking if we should also define _DEFAULT_SOURCE
configure:3047: gcc -c -g -O2  -D_GNU_SOURCE conftest.c >&5
configure: In function 'main':
configure:3039:1: error: unknown type name 'make'
 #ifdef _DEFAULT_SOURCE
 ^~~~
configure:3039:9: error: expected '=', ',', ';', 'asm' or '__attribute__' before 'error'
 #ifdef _DEFAULT_SOURCE
         ^~~~~
configure:3050: $? = 1
configure: failed program was:
#line 3032 "configure"
#include "confdefs.h"
#include <sys/types.h>
int
main (void)
{

#ifdef _DEFAULT_SOURCE
make an error
#endif
  ;
  return 0;
}
configure:3067: result: yes
configure:3942: checking if _XOPEN_SOURCE really is set
configure:3960: gcc -c -g -O2  -D_GNU_SOURCE -D_DEFAULT_SOURCE conftest.c >&5
configure:3963: $? = 0
configure:3966: test -s conftest.o
configure:3969: $? = 0
configure:3978: result: yes
configure:3998: gcc -c -g -O2  -D_GNU_SOURCE -D_DEFAULT_SOURCE conftest.c >&5
configure:4001: $? = 0
configure:4004: test -s conftest.o
configure:4007: $? = 0
configure:4228: checking if you want to see long compiling messages
configure:4262: result: yes
configure:4309: checking for specific curses-directory
configure:4319: result: no
configure:4470: checking if you want to check for gcc warnings
configure:4480: result: no
configure:4834: checking if you want to use pkg-config
configure:4844: result: yes
configure:4896: checking for pkg-config
configure:4925: result: none
configure:4978: WARNING: pkg-config is not installed
configure:4982: checking if rpath option should be used
configure:4992: result: no
configure:4996: checking for an rpath option
configure:5027: result: -Wl,-rpath,
configure:5090: checking if rpath-hack should be disabled
configure:5107: result: no
configure:5111: checking for updated LDFLAGS
configure:5114: result: maybe
configure:5121: checking for ldd
configure:5136: found /usr/bin/ldd
configure:5144: result: ldd
configure:5173: gcc -o conftest -g -O2  -D_GNU_SOURCE -D_DEFAULT_SOURCE  conftest.c  >&5
configure:5176: $? = 0
configure:5179: test -s conftest
configure:5182: $? = 0
configure:5222: testing ...checking EXTRA_LDFLAGS  ...
configure:5226: testing ...checking LDFLAGS  ...
configure:5276: testing ...checked LDFLAGS  ...
configure:5280: testing ...checking LIBS  ...
configure:5330: testing ...checked LIBS  ...
configure:5334: testing ...checked EXTRA_LDFLAGS  ...
configure:5442: checking if libtool -version-number should be used
configure:5459: result: yes
configure:5508: checking if you want to build libraries with libtool
configure:5518: result: no
configure:5866: checking if you want to build shared libraries
configure:5876: result: no
configure:6630: checking if you want to use dmalloc for testing
configure:6647: result: no
configure:6862: checking if you want to use dbmalloc for testing
configure:6879: result: no
configure:7094: checking if you want to use valgrind for testing
configure:7111: result: no
configure:7224: checking if you want to perform memory-leak testing
configure:7234: result: no
configure:7252: checking for dirent.h that defines DIR
configure:7273: gcc -c -g -O2  -D_GNU_SOURCE -D_DEFAULT_SOURCE conftest.c >&5
configure:7276: $? = 0
configure:7279: test -s conftest.o
configure:7282: $? = 0
configure:7292: result: yes
configure:7305: checking for opendir in -ldir
configure:7332: gcc -o conftest -g -O2  -D_GNU_SOURCE -D_DEFAULT_SOURCE  conftest.c -ldir   >&5
/usr/bin/ld: cannot find -ldir
collect2: error: ld returned 1 exit status
configure:7335: $? = 1
configure: failed program was:
#line 7313 "configure"
#include "confdefs.h"

/* Override any gcc2 internal prototype to avoid an error.  */
#ifdef __cplusplus
extern "C"
#endif
/* We use char because int might match the return type of a gcc2
   builtin and then its argument prototype would still apply.  */
char opendir ();
int
main (void)
{
opendir ();
  ;
  return 0;
}
configure:7352: result: no
configure:7414: checking for ANSI C header files
configure:7428: gcc -E  -D_GNU_SOURCE -D_DEFAULT_SOURCE conftest.c
configure:7434: $? = 0
configure:7521: gcc -o conftest -g -O2  -D_GNU_SOURCE -D_DEFAULT_SOURCE  conftest.c  >&5
configure:7524: $? = 0
configure:7526: ./conftest
configure:7529: $? = 0
configure:7542: result: yes
configure:7560: checking for limits.h
configure:7570: gcc -E  -D_GNU_SOURCE -D_DEFAULT_SOURCE conftest.c
configure:7576: $? = 0
configure:7595: result: yes
configure:7560: checking for unistd.h
configure:7570: gcc -E  -D_GNU_SOURCE -D_DEFAULT_SOURCE conftest.c
configure:7576: $? = 0
configure:7595: result: yes
configure:7560: checking for pwd.h
configure:7570: gcc -E  -D_GNU_SOURCE -D_DEFAULT_SOURCE conftest.c
configure:7576: $? = 0
configure:7595: result: yes
configure:7560: checking for grp.h
configure:7570: gcc -E  -D_GNU_SOURCE -D_DEFAULT_SOURCE conftest.c
configure:7576: $? = 0
configure:7595: result: yes
configure:7611: checking for sys/types.h
configure:7623: gcc -c -g -O2  -D_GNU_SOURCE -D_DEFAULT_SOURCE conftest.c >&5
configure:7626: $? = 0
configure:7629: test -s conftest.o
configure:7632: $? = 0
configure:7642: result: yes
configure:7611: checking for sys/stat.h
configure:7623: gcc -c -g -O2  -D_GNU_SOURCE -D_DEFAULT_SOURCE conftest.c >&5
configure:7626: $? = 0
configure:7629: test -s conftest.o
configure:7632: $? = 0
configure:7642: result: yes
configure:7611: checking for stdlib.h
configure:7623: gcc -c -g -O2  -D_GNU_SOURCE -D_DEFAULT_SOURCE conftest.c >&5
configure:7626: $? = 0
configure:7629: test -s conftest.o
configure:7632: $? = 0
configure:7642: result: yes
configure:7611: checking for string.h
configure:7623: gcc -c -g -O2  -D_GNU_SOURCE -D_DEFAULT_SOURCE conftest.c >&5
configure:7626: $? = 0
configure:7629: test -s conftest.o
configure:7632: $? = 0
configure:7642: result: yes
configure:7611: checking for memory.h
configure:7623: gcc -c -g -O2  -D_GNU_SOURCE -D_DEFAULT_SOURCE conftest.c >&5
configure:7626: $? = 0
configure:7629: test -s conftest.o
configure:7632: $? = 0
configure:7642: result: yes
configure:7611: checking for strings.h
configure:7623: gcc -c -g -O2  -D_GNU_SOURCE -D_DEFAULT_SOURCE conftest.c >&5
configure:7626: $? = 0
configure:7629: test -s conftest.o
configure:7632: $? = 0
configure:7642: result: yes
configure:7611: checking for inttypes.h
configure:7623: gcc -c -g -O2  -D_GNU_SOURCE -D_DEFAULT_SOURCE conftest.c >&5
configure:7626: $? = 0
configure:7629: test -s conftest.o
configure:7632: $? = 0
configure:7642: result: yes
configure:7611: checking for stdint.h
configure:7623: gcc -c -g -O2  -D_GNU_SOURCE -D_DEFAULT_SOURCE conftest.c >&5
configure:7626: $? = 0
configure:7629: test -s conftest.o
configure:7632: $? = 0
configure:7642: result: yes
configure:7611: checking for unistd.h
configure:7642: result: yes
configure:7652: checking for mode_t
configure:7673: gcc -c -g -O2  -D_GNU_SOURCE -D_DEFAULT_SOURCE conftest.c >&5
configure:7676: $? = 0
configure:7679: test -s conftest.o
configure:7682: $? = 0
configure:7692: result: yes
configure:7704: checking whether struct tm is in sys/time.h or time.h
configure:7724: gcc -c -g -O2  -D_GNU_SOURCE -D_DEFAULT_SOURCE conftest.c >&5
configure:7727: $? = 0
configure:7730: test -s conftest.o
configure:7733: $? = 0
configure:7743: result: time.h
configure:7753: checking for extra include directories
configure:7779: result: no
configure:7783: checking if we have identified curses headers
configure:7807: gcc -c -g -O2  -D_GNU_SOURCE -D_DEFAULT_SOURCE conftest.c >&5
configure: In function 'main':
configure:7800:12: warning: implicit declaration of function 'tgoto' [-Wimplicit-function-declaration]
 {
            ^    
configure:7810: $? = 0
configure:7813: test -s conftest.o
configure:7816: $? = 0
configure:7827: result: ncurses.h
configure:7841: checking for ncurses.h
configure:7851: gcc -E  -D_GNU_SOURCE -D_DEFAULT_SOURCE conftest.c
configure:7857: $? = 0
configure:7876: result: yes
configure:7886: checking for terminfo header
configure:7919: gcc -c -g -O2  -D_GNU_SOURCE -D_DEFAULT_SOURCE conftest.c >&5
configure:7922: $? = 0
configure:7925: test -s conftest.o
configure:7928: $? = 0
configure:7944: result: term.h
configure:7976: checking for chtype typedef
configure:7995: gcc -c -g -O2  -D_GNU_SOURCE -D_DEFAULT_SOURCE conftest.c >&5
configure:7998: $? = 0
configure:8001: test -s conftest.o
configure:8004: $? = 0
configure:8014: result: yes
configure:8022: checking if chtype is scalar or struct
configure:8041: gcc -c -g -O2  -D_GNU_SOURCE -D_DEFAULT_SOURCE conftest.c >&5
configure:8044: $? = 0
configure:8047: test -s conftest.o
configure:8050: $? = 0
configure:8060: result: scalar
configure:8074: checking for unistd.h
configure:8109: result: yes
configure:8074: checking for getopt.h
configure:8084: gcc -E  -D_GNU_SOURCE -D_DEFAULT_SOURCE conftest.c
configure:8090: $? = 0
configure:8109: result: yes
configure:8119: checking for header declaring getopt variables
configure:8142: gcc -c -g -O2  -D_GNU_SOURCE -D_DEFAULT_SOURCE conftest.c >&5
configure: In function 'main':
configure:8135:9: error: 'optind' undeclared (first use in this function)
 {
         ^     
configure:8135:9: note: each undeclared identifier is reported only once for each function it appears in
configure:8135:27: error: 'optarg' undeclared (first use in this function)
 {
                           ^     
configure:8145: $? = 1
configure: failed program was:
#line 8129 "configure"
#include "confdefs.h"

#include <stdio.h>
int
main (void)
{
int x = optind; char *y = optarg
  ;
  return 0;
}
configure:8142: gcc -c -g -O2  -D_GNU_SOURCE -D_DEFAULT_SOURCE conftest.c >&5
configure: In function 'main':
configure:8135:9: error: 'optind' undeclared (first use in this function)
 {
         ^     
configure:8135:9: note: each undeclared identifier is reported only once for each function it appears in
configure:8135:27: error: 'optarg' undeclared (first use in this function)
 {
                           ^     
configure:8145: $? = 1
configure: failed program was:
#line 8129 "configure"
#include "confdefs.h"

#include <stdlib.h>
int
main (void)
{
int x = optind; char *y = optarg
  ;
  return 0;
}
configure:8142: gcc -c -g -O2  -D_GNU_SOURCE -D_DEFAULT_SOURCE conftest.c >&5
configure:8145: $? = 0
configure:8148: test -s conftest.o
configure:8151: $? = 0
configure:8163: result: unistd.h
configure:8190: checking for getcwd
configure:8227: gcc -o conftest -g -O2  -D_GNU_SOURCE -D_DEFAULT_SOURCE  conftest.c  >&5
configure:8230: $? = 0
configure:8233: test -s conftest
configure:8236: $? = 0
configure:8246: result: yes
configure:8190: checking for mktime
configure:8227: gcc -o conftest -g -O2  -D_GNU_SOURCE -D_DEFAULT_SOURCE  conftest.c  >&5
configure:8230: $? = 0
configure:8233: test -s conftest
configure:8236: $? = 0
configure:8246: result: yes
configure:8190: checking for strdup
configure:8227: gcc -o conftest -g -O2  -D_GNU_SOURCE -D_DEFAULT_SOURCE  conftest.c  >&5
configure:8206:6: warning: conflicting types for built-in function 'strdup'
    builtin and then its argument prototype would still apply.  */
      ^~~~~~
configure:8230: $? = 0
configure:8233: test -s conftest
configure:8236: $? = 0
configure:8246: result: yes
configure:8190: checking for strerror
configure:8227: gcc -o conftest -g -O2  -D_GNU_SOURCE -D_DEFAULT_SOURCE  conftest.c  >&5
configure:8230: $? = 0
configure:8233: test -s conftest
configure:8236: $? = 0
configure:8246: result: yes
configure:8190: checking for getlogin
configure:8227: gcc -o conftest -g -O2  -D_GNU_SOURCE -D_DEFAULT_SOURCE  conftest.c  >&5
configure:8230: $? = 0
configure:8233: test -s conftest
configure:8236: $? = 0
configure:8246: result: yes
configure:8190: checking for sleep
configure:8227: gcc -o conftest -g -O2  -D_GNU_SOURCE -D_DEFAULT_SOURCE  conftest.c  >&5
configure:8230: $? = 0
configure:8233: test -s conftest
configure:8236: $? = 0
configure:8246: result: yes
configure:8256: checking for lstat
configure:8277: gcc -o conftest -g -O2  -D_GNU_SOURCE -D_DEFAULT_SOURCE  conftest.c  >&5
configure:8280: $? = 0
configure:8283: test -s conftest
configure:8286: $? = 0
configure:8298: result: yes 
configure:8308: checking for setlocale()
configure:8327: gcc -o conftest -g -O2  -D_GNU_SOURCE -D_DEFAULT_SOURCE  conftest.c  >&5
configure:8330: $? = 0
configure:8333: test -s conftest
configure:8336: $? = 0
configure:8348: result: yes
configure:8356: checking for specific curses-directory
configure:8366: result: no
configure:8517: checking for specified curses library type
configure:8561: result: curses
configure:8567: checking for extra include directories
configure:8593: result: no
configure:8597: checking if we have identified curses headers
configure:8641: result: ncurses.h
configure:8655: checking for ncurses.h
configure:8690: result: yes
configure:8700: checking for terminfo header
configure:8758: result: term.h
configure:8790: checking for ncurses version
configure:8854: gcc -o conftest -g -O2  -D_GNU_SOURCE -D_DEFAULT_SOURCE  conftest.c  >&5
configure:8857: $? = 0
configure:8859: ./conftest
configure:8862: $? = 0
configure:8876: result: 6.0.20161126
configure:8883: checking if we have identified curses libraries
configure:8898: gcc -o conftest -g -O2  -D_GNU_SOURCE -D_DEFAULT_SOURCE  conftest.c  >&5
configure: In function 'main':
configure:8891:12: warning: implicit declaration of function 'tgoto' [-Wimplicit-function-declaration]
 {
            ^    
/tmp/cc9YDc2N.o: In function `main':
/home/stephane/Documents/devel/oxford/cdk-5.0-20171209/configure:8891: undefined reference to `initscr'
/home/stephane/Documents/devel/oxford/cdk-5.0-20171209/configure:8891: undefined reference to `tgoto'
collect2: error: ld returned 1 exit status
configure:8901: $? = 1
configure: failed program was:
#line 8886 "configure"
#include "confdefs.h"
#include <ncurses.h>
int
main (void)
{
initscr(); tgoto("?", 0,0)
  ;
  return 0;
}
configure:8916: result: no
configure:9173: testing adding /lib64 to library-path ...
configure:9312: checking for tgoto
configure:9349: gcc -o conftest -g -O2  -D_GNU_SOURCE -D_DEFAULT_SOURCE -L/lib64  conftest.c  >&5
/tmp/ccr7wzBO.o: In function `main':
/home/stephane/Documents/devel/oxford/cdk-5.0-20171209/configure:9340: undefined reference to `tgoto'
collect2: error: ld returned 1 exit status
configure:9352: $? = 1
configure: failed program was:
#line 9318 "configure"
#include "confdefs.h"
/* System header to define __stub macros and hopefully few prototypes,
    which can conflict with char tgoto (); below.  */
#include <assert.h>
/* Override any gcc2 internal prototype to avoid an error.  */
#ifdef __cplusplus
extern "C"
#endif
/* We use char because int might match the return type of a gcc2
   builtin and then its argument prototype would still apply.  */
char tgoto ();
char (*f) ();

int
main (void)
{
/* The GNU C library defines this for functions which it implements
    to always fail with ENOSYS.  Some functions are actually named
    something starting with __ and the normal name is an alias.  */
#if defined (__stub_tgoto) || defined (__stub___tgoto)
choke me
#else
f = tgoto; /* workaround for ICC 12.0.3 */ if (f == 0) return 1;
#endif

  ;
  return 0;
}
configure:9368: result: no
configure:9377: checking for tgoto in -lncurses
configure:9404: gcc -o conftest -g -O2  -D_GNU_SOURCE -D_DEFAULT_SOURCE -L/lib64  conftest.c -lncurses   >&5
configure:9407: $? = 0
configure:9410: test -s conftest
configure:9413: $? = 0
configure:9424: result: yes
configure:9444: checking if we can link with ncurses library
configure:9459: gcc -o conftest -g -O2  -D_GNU_SOURCE -D_DEFAULT_SOURCE -L/lib64  conftest.c -lncurses  >&5
configure:9462: $? = 0
configure:9465: test -s conftest
configure:9468: $? = 0
configure:9477: result: yes
configure:17466: checking for _nc_init_pthreads in -lcurses
configure:17493: gcc -o conftest -g -O2  -D_GNU_SOURCE -D_DEFAULT_SOURCE -L/lib64  conftest.c -lcurses  -lncurses  >&5
/tmp/ccJ4xrRY.o: In function `main':
/home/stephane/Documents/devel/oxford/cdk-5.0-20171209/configure:17486: undefined reference to `_nc_init_pthreads'
collect2: error: ld returned 1 exit status
configure:17496: $? = 1
configure: failed program was:
#line 17474 "configure"
#include "confdefs.h"

/* Override any gcc2 internal prototype to avoid an error.  */
#ifdef __cplusplus
extern "C"
#endif
/* We use char because int might match the return type of a gcc2
   builtin and then its argument prototype would still apply.  */
char _nc_init_pthreads ();
int
main (void)
{
_nc_init_pthreads ();
  ;
  return 0;
}
configure:17513: result: no
configure:17557: checking for XXX-config rootname
configure:17565: result: cdk
configure:17568: checking if cdk.h should be in header subdirectory
configure:17576: result: 
configure:17586: checking for header subdirectory
configure:17594: result: cdk
configure:17597: checking for library name
configure:17605: result: cdk
configure:17608: checking if improved const-typing should be used
configure:17618: result: no
configure:17644: checking definition to turn on extended curses functions
configure:17678: gcc -o conftest -g -O2  -D_GNU_SOURCE -D_DEFAULT_SOURCE -L/lib64  conftest.c -lncurses  >&5
configure:17681: $? = 0
configure:17684: test -s conftest
configure:17687: $? = 0
configure:17742: result: none
configure:17751: checking for term.h
configure:17856: result: term.h
configure:17883: checking for unctrl.h
configure:17918: gcc -c -g -O2  -D_GNU_SOURCE -D_DEFAULT_SOURCE conftest.c >&5
configure:17921: $? = 0
configure:17924: test -s conftest.o
configure:17927: $? = 0
configure:17940: result: unctrl.h
configure:17987: checking for Xinitscr
configure:17990: testing Xinitscr ...
configure:18032: gcc -o conftest -g -O2  -D_GNU_SOURCE -D_DEFAULT_SOURCE -L/lib64  conftest.c -lncurses  >&5
configure: In function 'main':
configure:18020:20: error: 'Xinitscr' undeclared (first use in this function)
 #ifndef ${cf_func}
                    ^       
configure:18020:20: note: each undeclared identifier is reported only once for each function it appears in
configure:18035: $? = 1
configure: failed program was:
#line 17999 "configure"
#include "confdefs.h"

#ifdef HAVE_XCURSES
#include <xcurses.h>
char * XCursesProgramName = "test";
#else
#include <ncurses.h>
#if defined(NCURSES_VERSION) && defined(HAVE_NCURSESW_TERM_H)
#include <ncursesw/term.h>
#elif defined(NCURSES_VERSION) && defined(HAVE_NCURSES_TERM_H)
#include <ncurses/term.h>
#elif defined(HAVE_TERM_H)
#include <term.h>
#endif
#endif

int
main (void)
{

#ifndef Xinitscr
long foo = (long)(&Xinitscr);
fprintf(stderr, "testing linkage of Xinitscr:%p\n", foo);
if (foo + 1234 > 5678)
	return(foo);
#endif

  ;
  return 0;
}
configure:18057: result: no
configure:17987: checking for getbegx
configure:17990: testing getbegx ...
configure:18032: gcc -o conftest -g -O2  -D_GNU_SOURCE -D_DEFAULT_SOURCE -L/lib64  conftest.c -lncurses  >&5
configure:18035: $? = 0
configure:18038: test -s conftest
configure:18041: $? = 0
configure:18057: result: yes
configure:17987: checking for getbegy
configure:17990: testing getbegy ...
configure:18032: gcc -o conftest -g -O2  -D_GNU_SOURCE -D_DEFAULT_SOURCE -L/lib64  conftest.c -lncurses  >&5
configure:18035: $? = 0
configure:18038: test -s conftest
configure:18041: $? = 0
configure:18057: result: yes
configure:17987: checking for getmaxx
configure:17990: testing getmaxx ...
configure:18032: gcc -o conftest -g -O2  -D_GNU_SOURCE -D_DEFAULT_SOURCE -L/lib64  conftest.c -lncurses  >&5
configure:18035: $? = 0
configure:18038: test -s conftest
configure:18041: $? = 0
configure:18057: result: yes
configure:17987: checking for getmaxy
configure:17990: testing getmaxy ...
configure:18032: gcc -o conftest -g -O2  -D_GNU_SOURCE -D_DEFAULT_SOURCE -L/lib64  conftest.c -lncurses  >&5
configure:18035: $? = 0
configure:18038: test -s conftest
configure:18041: $? = 0
configure:18057: result: yes
configure:17987: checking for start_color
configure:17990: testing start_color ...
configure:18032: gcc -o conftest -g -O2  -D_GNU_SOURCE -D_DEFAULT_SOURCE -L/lib64  conftest.c -lncurses  >&5
configure:18035: $? = 0
configure:18038: test -s conftest
configure:18041: $? = 0
configure:18057: result: yes
configure:18182: checking how to define setbegyx
configure:18207: gcc -c -g -O2  -D_GNU_SOURCE -D_DEFAULT_SOURCE conftest.c >&5
configure:18210: $? = 0
configure:18213: test -s conftest.o
configure:18216: $? = 0
configure:18225: result: "((win)->_begy = (y), (win)->_begx = (x), OK)"
configure:18340: creating ./config.status

## ----------------------- ##
## Running config.status.  ##
## ----------------------- ##

This file was extended by config.status 2.52.20170501, executed with
  CONFIG_FILES    = 
  CONFIG_HEADERS  = 
  CONFIG_LINKS    = 
  CONFIG_COMMANDS = 
  > ./config.status 
on lollipop

config.status:18919: creating cdk-config
config.status:18919: creating include/cdk_version.h
config.status:18919: creating Makefile
config.status:18919: creating cli/Makefile
config.status:18919: creating examples/Makefile
config.status:18919: creating demos/Makefile
config.status:19072: creating include/cdk_config.h
config.status:19154: include/cdk_config.h is unchanged

## ----------------- ##
## Cache variables.  ##
## ----------------- ##

ac_cv_build='x86_64-pc-linux-gnu'
ac_cv_build_alias='x86_64-pc-linux-gnu'
ac_cv_c_compiler_gnu='yes'
ac_cv_env_CC_set=''
ac_cv_env_CC_value=''
ac_cv_env_CFLAGS_set=''
ac_cv_env_CFLAGS_value=''
ac_cv_env_CPPFLAGS_set=''
ac_cv_env_CPPFLAGS_value=''
ac_cv_env_CPP_set=''
ac_cv_env_CPP_value=''
ac_cv_env_LDFLAGS_set=''
ac_cv_env_LDFLAGS_value=''
ac_cv_env_build_alias_set=''
ac_cv_env_build_alias_value=''
ac_cv_env_host_alias_set=''
ac_cv_env_host_alias_value=''
ac_cv_env_target_alias_set=''
ac_cv_env_target_alias_value=''
ac_cv_func_getcwd='yes'
ac_cv_func_getlogin='yes'
ac_cv_func_lstat='yes'
ac_cv_func_mktime='yes'
ac_cv_func_sleep='yes'
ac_cv_func_strdup='yes'
ac_cv_func_strerror='yes'
ac_cv_func_tgoto='no'
ac_cv_header_dirent_dirent_h='yes'
ac_cv_header_getopt_h='yes'
ac_cv_header_grp_h='yes'
ac_cv_header_inttypes_h='yes'
ac_cv_header_limits_h='yes'
ac_cv_header_memory_h='yes'
ac_cv_header_ncurses_h='yes'
ac_cv_header_pwd_h='yes'
ac_cv_header_stdc='yes'
ac_cv_header_stdint_h='yes'
ac_cv_header_stdlib_h='yes'
ac_cv_header_string_h='yes'
ac_cv_header_strings_h='yes'
ac_cv_header_sys_stat_h='yes'
ac_cv_header_sys_types_h='yes'
ac_cv_header_unistd_h='yes'
ac_cv_host='x86_64-pc-linux-gnu'
ac_cv_host_alias='x86_64-pc-linux-gnu'
ac_cv_lib_curses____nc_init_pthreads='no'
ac_cv_lib_dir_opendir='no'
ac_cv_lib_ncurses___tgoto='yes'
ac_cv_objext='o'
ac_cv_path_ac_pt_PKG_CONFIG='none'
ac_cv_path_install='/usr/bin/install -c'
ac_cv_prog_CPP='gcc -E'
ac_cv_prog_MAKE_LOWER_TAGS='no'
ac_cv_prog_MAKE_UPPER_TAGS='no'
ac_cv_prog_ac_ct_AR='ar'
ac_cv_prog_ac_ct_CC='gcc'
ac_cv_prog_ac_ct_RANLIB='ranlib'
ac_cv_prog_cc_g='yes'
ac_cv_prog_cc_stdc=''
ac_cv_prog_cf_ldd_prog='ldd'
ac_cv_prog_make_make_set='yes'
ac_cv_struct_tm='time.h'
ac_cv_type_mode_t='yes'
cf_cv_abi_version='0'
cf_cv_chtype_decl='yes'
cf_cv_chtype_type='scalar'
cf_cv_curses_dir='no'
cf_cv_curses_incdir='no'
cf_cv_default_source='yes'
cf_cv_enable_rpath='no'
cf_cv_func_Xinitscr='no'
cf_cv_func_getbegx='yes'
cf_cv_func_getbegy='yes'
cf_cv_func_getmaxx='yes'
cf_cv_func_getmaxy='yes'
cf_cv_func_start_color='yes'
cf_cv_getopt_header='unistd.h'
cf_cv_gnu_source='yes'
cf_cv_locale='yes'
cf_cv_makeflags=''
cf_cv_mixedcase='yes'
cf_cv_ncurses_header='ncurses.h'
cf_cv_ncurses_pthreads='no'
cf_cv_ncurses_version='6.0.20161126'
cf_cv_need_xopen_extension='none'
cf_cv_rel_version='5.0'
cf_cv_screen='curses'
cf_cv_system_name='linux-gnu'
cf_cv_term_header='term.h'
cf_cv_unctrl_header='unctrl.h'

## ------------ ##
## confdefs.h.  ##
## ------------ ##

#define SYSTEM_NAME "linux-gnu"
#define PACKAGE "cdk"
#define CDK_VERSION "5.0"
#define CDK_PATCHDATE 20171209
#define MIXEDCASE_FILENAMES 1
#define HAVE_DIRENT_H 1
#define STDC_HEADERS 1
#define HAVE_LIMITS_H 1
#define HAVE_UNISTD_H 1
#define HAVE_PWD_H 1
#define HAVE_GRP_H 1
#define HAVE_SYS_TYPES_H 1
#define HAVE_SYS_STAT_H 1
#define HAVE_STDLIB_H 1
#define HAVE_STRING_H 1
#define HAVE_MEMORY_H 1
#define HAVE_STRINGS_H 1
#define HAVE_INTTYPES_H 1
#define HAVE_STDINT_H 1
#define HAVE_UNISTD_H 1
#define HAVE_NCURSES_H 1
#define HAVE_TERM_H 1
#define HAVE_TYPE_CHTYPE 1
#define TYPE_CHTYPE_IS_SCALAR 1
#define HAVE_UNISTD_H 1
#define HAVE_GETOPT_H 1
#define HAVE_GETOPT_HEADER 1
#define HAVE_GETCWD 1
#define HAVE_MKTIME 1
#define HAVE_STRDUP 1
#define HAVE_STRERROR 1
#define HAVE_GETLOGIN 1
#define HAVE_SLEEP 1
#define HAVE_LSTAT 1
#define HAVE_SETLOCALE 1
#define HAVE_NCURSES_H 1
#define HAVE_TERM_H 1
#define NCURSES 1
#define CDK_CONST /*nothing*/
#define CDK_CSTRING CDK_CONST char *
#define CDK_CSTRING2 CDK_CONST char * CDK_CONST *
#define HAVE_TERM_H 1
#define HAVE_UNCTRL_H 1
#define HAVE_GETBEGX 1
#define HAVE_GETBEGY 1
#define HAVE_GETMAXX 1
#define HAVE_GETMAXY 1
#define HAVE_START_COLOR 1
#define setbegyx(win,y,x) ((win)->_begy = (y), (win)->_begx = (x), OK)


configure: exit 0
